<?xml version="1.0" encoding="UTF-8"?>
<!-- Generated by org.testng.reporters.JUnitReportReporter -->
<testsuite hostname="DESKTOP-67F4IV9" failures="0" tests="3" name="testRunner.Runner" time="18.927" errors="0" timestamp="2025-04-20T12:47:39 IST" skipped="0">
  <testcase classname="testRunner.Runner" name="runScenario" time="6.690"/>
  <testcase classname="testRunner.Runner" name="runScenario" time="5.922"/>
  <testcase classname="testRunner.Runner" name="runScenario" time="6.315"/>
</testsuite> <!-- testRunner.Runner -->
